#
# There is insufficient memory for the Java Runtime Environment to continue.
# Native memory allocation (mmap) failed to map 257949696 bytes. Error detail: G1 virtual space
# Possible reasons:
#   The system is out of physical RAM or swap space
#   This process is running with CompressedOops enabled, and the Java Heap may be blocking the growth of the native heap
# Possible solutions:
#   Reduce memory load on the system
#   Increase physical memory or swap space
#   Check if swap backing store is full
#   Decrease Java heap size (-Xmx/-Xms)
#   Decrease number of Java threads
#   Decrease Java thread stack sizes (-Xss)
#   Set larger code cache with -XX:ReservedCodeCacheSize=
#   JVM is running with Zero Based Compressed Oops mode in which the Java heap is
#     placed in the first 32GB address space. The Java Heap base address is the
#     maximum limit for the native heap growth. Please use -XX:HeapBaseMinAddress
#     to set the Java Heap base and to place the Java Heap above 32GB virtual address.
# This output file may be truncated or incomplete.
#
#  Out of Memory Error (os_windows.cpp:3815), pid=13304, tid=3076
#
# JRE version:  (21.0.3) (build )
# Java VM: OpenJDK 64-Bit Server VM (21.0.3+-12282718-b509.11, mixed mode, sharing, tiered, compressed oops, compressed class ptrs, g1 gc, windows-amd64)
# No core dump will be written. Minidumps are not enabled by default on client versions of Windows
#

---------------  S U M M A R Y ------------

Command Line: org.jetbrains.kotlin.cli.jvm.K2JVMCompiler @C:\Users\veenu\AndroidStudioProjects\RaaziNama\app\build\20241105_5030961359351501634.compiler.options

Host: AMD Ryzen 5 5500H with Radeon Graphics         , 8 cores, 15G,  Windows 11 , 64 bit Build 22621 (10.0.22621.4391)
Time: Tue Nov  5 22:10:47 2024 India Standard Time elapsed time: 0.023239 seconds (0d 0h 0m 0s)

---------------  T H R E A D  ---------------

Current thread (0x00000190f9ae8d50):  JavaThread "Unknown thread" [_thread_in_vm, id=3076, stack(0x0000001c1f700000,0x0000001c1f800000) (1024K)]

Stack: [0x0000001c1f700000,0x0000001c1f800000]
Native frames: (J=compiled Java code, j=interpreted, Vv=VM code, C=native code)
V  [jvm.dll+0x6cafb9]
V  [jvm.dll+0x858523]
V  [jvm.dll+0x85aa7e]
V  [jvm.dll+0x85b163]
V  [jvm.dll+0x27d356]
V  [jvm.dll+0x6c7865]
V  [jvm.dll+0x6bbd3a]
V  [jvm.dll+0x35199b]
V  [jvm.dll+0x3595d6]
V  [jvm.dll+0x3aa826]
V  [jvm.dll+0x3aaaf8]
V  [jvm.dll+0x3240bc]
V  [jvm.dll+0x324dab]
V  [jvm.dll+0x81fd89]
V  [jvm.dll+0x3b7c08]
V  [jvm.dll+0x80921d]
V  [jvm.dll+0x44c05e]
V  [jvm.dll+0x44d6b1]
C  [jli.dll+0x52ab]
C  [ucrtbase.dll+0x29333]
C  [KERNEL32.DLL+0x1259d]
C  [ntdll.dll+0x5af38]


---------------  P R O C E S S  ---------------

Threads class SMR info:
_java_thread_list=0x00007ffba55c57c8, length=0, elements={
}

Java Threads: ( => current thread )
Total: 0

Other Threads:
  0x00000190fbd98870 WorkerThread "GC Thread#0"                     [id=4472, stack(0x0000001c1f800000,0x0000001c1f900000) (1024K)]
  0x00000190fbda8e10 ConcurrentGCThread "G1 Main Marker"            [id=12728, stack(0x0000001c1f900000,0x0000001c1fa00000) (1024K)]
  0x00000190fbdaa290 WorkerThread "G1 Conc#0"                       [id=6768, stack(0x0000001c1fa00000,0x0000001c1fb00000) (1024K)]

[error occurred during error reporting (printing all threads), id 0xc0000005, EXCEPTION_ACCESS_VIOLATION (0xc0000005) at pc=0x00007ffba4dc7197]
VM state: not at safepoint (not fully initialized)

VM Mutex/Monitor currently owned by a thread:  ([mutex/lock_event])
[0x00007ffba56321c8] Heap_lock - owner thread: 0x00000190f9ae8d50

Heap address: 0x000000070a400000, size: 3932 MB, Compressed Oops mode: Zero based, Oop shift amount: 3

CDS archive(s) mapped at: [0x0000000000000000-0x0000000000000000-0x0000000000000000), size 0, SharedBaseAddress: 0x0000000800000000, ArchiveRelocationMode: 1.
Narrow klass base: 0x0000000000000000, Narrow klass shift: 0, Narrow klass range: 0x0

GC Precious Log:
 CardTable entry size: 512
 Card Set container configuration: InlinePtr #cards 4 size 8 Array Of Cards #cards 16 size 48 Howl #buckets 8 coarsen threshold 3686 Howl Bitmap #cards 512 size 80 coarsen threshold 460 Card regions per heap region 1 cards per card region 4096

Heap:
 garbage-first heap   total 0K, used 0K [0x000000070a400000, 0x0000000800000000)
  region size 2048K, 0 young (0K), 0 survivors (0K)
 Metaspace       used 0K, committed 0K, reserved 0K
  class space    used 0K, committed 0K, reserved 0K

Heap Regions: E=young(eden), S=young(survivor), O=old, HS=humongous(starts), HC=humongous(continues), CS=collection set, F=free, TAMS=top-at-mark-start, PB=parsable bottom

Card table byte_map: [0x000001908f000000,0x000001908f7b0000] _byte_map_base: 0x000001908b7ae000

Marking Bits: (CMBitMap*) 0x00000190fbd98f70
 Bits: [0x000001908f7b0000, 0x0000019093520000)

GC Heap History (0 events):
No events

Dll operation events (1 events):
Event: 0.012 Loaded shared library C:\Program Files\Android\Android Studio\jbr\bin\java.dll

Deoptimization events (0 events):
No events

Classes loaded (0 events):
No events

Classes unloaded (0 events):
No events

Classes redefined (0 events):
No events

Internal exceptions (0 events):
No events

ZGC Phase Switch (0 events):
No events

VM Operations (0 events):
No events

Events (0 events):
No events


Dynamic libraries:
0x00007ff60ac50000 - 0x00007ff60ac5a000 	C:\Program Files\Android\Android Studio\jbr\bin\java.exe
0x00007ffbea3f0000 - 0x00007ffbea607000 	C:\WINDOWS\SYSTEM32\ntdll.dll
0x00007ffbe8e90000 - 0x00007ffbe8f54000 	C:\WINDOWS\System32\KERNEL32.DLL
0x00007ffbe76f0000 - 0x00007ffbe7aa9000 	C:\WINDOWS\System32\KERNELBASE.dll
0x00007ffbe7ab0000 - 0x00007ffbe7bc1000 	C:\WINDOWS\System32\ucrtbase.dll
0x00007ffbc34b0000 - 0x00007ffbc34c8000 	C:\Program Files\Android\Android Studio\jbr\bin\jli.dll
0x00007ffbe9c90000 - 0x00007ffbe9e3e000 	C:\WINDOWS\System32\USER32.dll
0x00007ffbe8020000 - 0x00007ffbe8046000 	C:\WINDOWS\System32\win32u.dll
0x00007ffbe8230000 - 0x00007ffbe8259000 	C:\WINDOWS\System32\GDI32.dll
0x00007ffbe7e30000 - 0x00007ffbe7f4b000 	C:\WINDOWS\System32\gdi32full.dll
0x00007ffbe7f50000 - 0x00007ffbe7fea000 	C:\WINDOWS\System32\msvcp_win.dll
0x00007ffbd44d0000 - 0x00007ffbd44eb000 	C:\Program Files\Android\Android Studio\jbr\bin\VCRUNTIME140.dll
0x00007ffbd73d0000 - 0x00007ffbd7662000 	C:\WINDOWS\WinSxS\amd64_microsoft.windows.common-controls_6595b64144ccf1df_6.0.22621.4391_none_2715d37f73803e96\COMCTL32.dll
0x00007ffbe9050000 - 0x00007ffbe90f7000 	C:\WINDOWS\System32\msvcrt.dll
0x00007ffbe9e40000 - 0x00007ffbe9e71000 	C:\WINDOWS\System32\IMM32.DLL
0x00007ffbd8e00000 - 0x00007ffbd8e0c000 	C:\Program Files\Android\Android Studio\jbr\bin\vcruntime140_1.dll
0x00007ffbae7d0000 - 0x00007ffbae85d000 	C:\Program Files\Android\Android Studio\jbr\bin\msvcp140.dll
0x00007ffba4a90000 - 0x00007ffba570d000 	C:\Program Files\Android\Android Studio\jbr\bin\server\jvm.dll
0x00007ffbe8310000 - 0x00007ffbe83c2000 	C:\WINDOWS\System32\ADVAPI32.dll
0x00007ffbe8260000 - 0x00007ffbe8307000 	C:\WINDOWS\System32\sechost.dll
0x00007ffbe7ff0000 - 0x00007ffbe8018000 	C:\WINDOWS\System32\bcrypt.dll
0x00007ffbe9180000 - 0x00007ffbe9294000 	C:\WINDOWS\System32\RPCRT4.dll
0x00007ffbe9100000 - 0x00007ffbe9171000 	C:\WINDOWS\System32\WS2_32.dll
0x00007ffbe75c0000 - 0x00007ffbe760d000 	C:\WINDOWS\SYSTEM32\POWRPROF.dll
0x00007ffbe2fb0000 - 0x00007ffbe2fe4000 	C:\WINDOWS\SYSTEM32\WINMM.dll
0x00007ffbe0650000 - 0x00007ffbe065a000 	C:\WINDOWS\SYSTEM32\VERSION.dll
0x00007ffbe75a0000 - 0x00007ffbe75b3000 	C:\WINDOWS\SYSTEM32\UMPDC.dll
0x00007ffbe66f0000 - 0x00007ffbe6708000 	C:\WINDOWS\SYSTEM32\kernel.appcore.dll
0x00007ffbd43f0000 - 0x00007ffbd43fa000 	C:\Program Files\Android\Android Studio\jbr\bin\jimage.dll
0x00007ffbe50a0000 - 0x00007ffbe52d2000 	C:\WINDOWS\SYSTEM32\DBGHELP.DLL
0x00007ffbe8580000 - 0x00007ffbe890f000 	C:\WINDOWS\System32\combase.dll
0x00007ffbe8f60000 - 0x00007ffbe9037000 	C:\WINDOWS\System32\OLEAUT32.dll
0x00007ffbd8ea0000 - 0x00007ffbd8ed2000 	C:\WINDOWS\SYSTEM32\dbgcore.DLL
0x00007ffbe7bd0000 - 0x00007ffbe7c4b000 	C:\WINDOWS\System32\bcryptPrimitives.dll
0x00007ffbd43d0000 - 0x00007ffbd43ef000 	C:\Program Files\Android\Android Studio\jbr\bin\java.dll

dbghelp: loaded successfully - version: 4.0.5 - missing functions: none
symbol engine: initialized successfully - sym options: 0x614 - pdb path: .;C:\Program Files\Android\Android Studio\jbr\bin;C:\WINDOWS\SYSTEM32;C:\WINDOWS\WinSxS\amd64_microsoft.windows.common-controls_6595b64144ccf1df_6.0.22621.4391_none_2715d37f73803e96;C:\Program Files\Android\Android Studio\jbr\bin\server

VM Arguments:
java_command: org.jetbrains.kotlin.cli.jvm.K2JVMCompiler @C:\Users\veenu\AndroidStudioProjects\RaaziNama\app\build\20241105_5030961359351501634.compiler.options
java_class_path (initial): C:\Users\veenu\.gradle\caches\modules-2\files-2.1\org.jetbrains.kotlin\kotlin-compiler-embeddable\2.0.0\1de310de3446414381282ffc46c3ed3919a4d1da\kotlin-compiler-embeddable-2.0.0.jar;C:\Users\veenu\.gradle\caches\modules-2\files-2.1\org.jetbrains.kotlin\kotlin-stdlib\2.0.0\b48df2c4aede9586cc931ead433bc02d6fd7879e\kotlin-stdlib-2.0.0.jar;C:\Users\veenu\.gradle\caches\modules-2\files-2.1\org.jetbrains.kotlin\kotlin-script-runtime\2.0.0\fdc27dd047d592fa41d2dfa21e7621287a361612\kotlin-script-runtime-2.0.0.jar;C:\Users\veenu\.gradle\caches\modules-2\files-2.1\org.jetbrains.kotlin\kotlin-reflect\1.6.10\1cbe9c92c12a94eea200d23c2bbaedaf3daf5132\kotlin-reflect-1.6.10.jar;C:\Users\veenu\.gradle\caches\modules-2\files-2.1\org.jetbrains.kotlin\kotlin-daemon-embeddable\2.0.0\b39c612768614c4428c96ee9c65477181fffe9d\kotlin-daemon-embeddable-2.0.0.jar;C:\Users\veenu\.gradle\caches\modules-2\files-2.1\org.jetbrains.intellij.deps\trove4j\1.0.20200330\3afb14d5f9ceb459d724e907a21145e8ff394f02\trove4j-1.0.20200330.jar;C:\Users\veenu\.gradle\caches\modules-2\files-2.1\org.jetbrains\annotations\13.0\919f0dfe192fb4e063e7dacadee7f8bb9a2672a9\annotations-13.0.jar
Launcher Type: SUN_STANDARD

[Global flags]
     intx CICompilerCount                          = 4                                         {product} {ergonomic}
     uint ConcGCThreads                            = 2                                         {product} {ergonomic}
     uint G1ConcRefinementThreads                  = 8                                         {product} {ergonomic}
   size_t G1HeapRegionSize                         = 2097152                                   {product} {ergonomic}
    uintx GCDrainStackTargetSize                   = 64                                        {product} {ergonomic}
   size_t InitialHeapSize                          = 257949696                                 {product} {ergonomic}
   size_t MarkStackSize                            = 4194304                                   {product} {ergonomic}
   size_t MaxHeapSize                              = 4123000832                                {product} {ergonomic}
   size_t MinHeapDeltaBytes                        = 2097152                                   {product} {ergonomic}
   size_t MinHeapSize                              = 8388608                                   {product} {ergonomic}
    uintx NonNMethodCodeHeapSize                   = 5839372                                {pd product} {ergonomic}
    uintx NonProfiledCodeHeapSize                  = 122909434                              {pd product} {ergonomic}
    uintx ProfiledCodeHeapSize                     = 122909434                              {pd product} {ergonomic}
    uintx ReservedCodeCacheSize                    = 251658240                              {pd product} {ergonomic}
     bool SegmentedCodeCache                       = true                                      {product} {ergonomic}
   size_t SoftMaxHeapSize                          = 4123000832                             {manageable} {ergonomic}
     bool UseCompressedOops                        = true                           {product lp64_product} {ergonomic}
     bool UseG1GC                                  = true                                      {product} {ergonomic}
     bool UseLargePagesIndividualAllocation        = false                                  {pd product} {ergonomic}

Logging:
Log output configuration:
 #0: stdout all=warning uptime,level,tags foldmultilines=false
 #1: stderr all=off uptime,level,tags foldmultilines=false

Environment Variables:
PATH=C:\Windows\system32;C:\Windows;C:\Windows\System32\Wbem;C:\Windows\System32\WindowsPowerShell\v1.0\;C:\Windows\System32\OpenSSH\;C:\Program Files (x86)\NVIDIA Corporation\PhysX\Common;C:\Program Files\NVIDIA Corporation\NVIDIA NvDLISR;C:\WINDOWS\system32;C:\WINDOWS;C:\WINDOWS\System32\Wbem;C:\WINDOWS\System32\WindowsPowerShell\v1.0\;C:\WINDOWS\System32\OpenSSH\;C:\Program Files\Git\cmd;C:\Users\veenu\AppData\Local\Microsoft\WindowsApps;
USERNAME=veenu
OS=Windows_NT
PROCESSOR_IDENTIFIER=AMD64 Family 25 Model 80 Stepping 0, AuthenticAMD
TMP=C:\Users\veenu\AppData\Local\Temp
TEMP=C:\Users\veenu\AppData\Local\Temp




Periodic native trim disabled

JNI global refs:
JNI global refs: 0, weak refs: 0

JNI global refs memory usage: 0, weak refs: 0

Process memory usage:
Resident Set Size: 11616K (0% of 16101436K total physical memory with 1082084K free physical memory)

OOME stack traces (most recent first):
Classloader memory used:

---------------  S Y S T E M  ---------------

OS:
 Windows 11 , 64 bit Build 22621 (10.0.22621.4391)
OS uptime: 2 days 15:42 hours
Hyper-V role detected

CPU: total 8 (initial active 8) (8 cores per cpu, 2 threads per core) family 25 model 80 stepping 0 microcode 0x0, cx8, cmov, fxsr, ht, mmx, 3dnowpref, sse, sse2, sse3, ssse3, sse4a, sse4.1, sse4.2, popcnt, lzcnt, tsc, tscinvbit, avx, avx2, aes, erms, clmul, bmi1, bmi2, adx, sha, fma, vzeroupper, clflush, clflushopt, hv, rdtscp, rdpid, fsrm, f16c, cet_ss
Processor Information for all 8 processors :
  Max Mhz: 3301, Current Mhz: 3301, Mhz Limit: 3301

Memory: 4k page, system-wide physical 15724M (1056M free)
TotalPageFile size 15724M (AvailPageFile size 32M)
current process WorkingSet (physical memory assigned to process): 11M, peak: 11M
current process commit charge ("private bytes"): 60M, peak: 306M

vm_info: OpenJDK 64-Bit Server VM (21.0.3+-12282718-b509.11) for windows-amd64 JRE (21.0.3+-12282718-b509.11), built on 2024-08-27T17:34:15Z by "builder" with MS VC++ 16.10 / 16.11 (VS2019)

END.
